<?xml version="1.0" encoding="UTF-8"?>
<!-- Generated by org.testng.reporters.JUnitReportReporter -->
<testsuite hostname="RA001580" name="QuoteRunner.QuoteRunnerLauncher" tests="1" failures="0" timestamp="3 Oct 2018 17:03:48 GMT" time="2.311" errors="0">
  <testcase name="mainLauncher" time="2.311" classname="QuoteRunner.QuoteRunnerLauncher"/>
</testsuite> <!-- QuoteRunner.QuoteRunnerLauncher -->
